<?xml version="1.0" encoding="UTF-8"?>
<!-- Generated by org.testng.reporters.JUnitReportReporter -->
<testsuite hostname="kabat" name="com.inetbanking.testCases.TC_LoginTest_001" tests="1" failures="0" timestamp="9 Mar 2020 15:15:38 GMT" time="4.188" errors="0">
  <testcase name="loginTest" time="4.188" classname="com.inetbanking.testCases.TC_LoginTest_001"/>
</testsuite> <!-- com.inetbanking.testCases.TC_LoginTest_001 -->
